<?xml version="1.0" encoding="UTF-8"?>
<!-- Generated by org.testng.reporters.JUnitReportReporter -->
<testsuite hostname="DESKTOP-GN6QO21" failures="0" tests="2" name="tests.GetAndPost" time="3.957" errors="1" timestamp="2022-05-31T06:01:25 CLT" skipped="0">
  <testcase classname="tests.GetAndPost" name="testGetWeno" time="0.001">
    <error message="Unresolved compilation problems: 
	The method hasSize(int) is undefined for the type GetAndPost
	The method assertThat(Object, equalTo(1)) is undefined for the type GetAndPost
	The method assertThat(Object, equalTo(1)) is undefined for the type GetAndPost
	The method assertThat(Object, equalTo(&quot;sunt aut facere repellat provident occaecati excepturi optio reprehenderit&quot;)) is undefined for the type GetAndPost
	The method assertThat(Object, equalTo(&quot;\&quot;quia et suscipit\\nsuscipit recusandae consequuntur expedita et cum\\nreprehenderit molestiae ut ut quas totam\\nnostrum rerum est autem sunt rem eveniet architecto\&quot;&quot;)) is undefined for the type GetAndPost
" type="java.lang.Error">
      <![CDATA[java.lang.Error: Unresolved compilation problems: 
The method hasSize(int) is undefined for the type GetAndPost
The method assertThat(Object, equalTo(1)) is undefined for the type GetAndPost
The method assertThat(Object, equalTo(1)) is undefined for the type GetAndPost
The method assertThat(Object, equalTo("sunt aut facere repellat provident occaecati excepturi optio reprehenderit")) is undefined for the type GetAndPost
The method assertThat(Object, equalTo("\"quia et suscipit\\nsuscipit recusandae consequuntur expedita et cum\\nreprehenderit molestiae ut ut quas totam\\nnostrum rerum est autem sunt rem eveniet architecto\"")) is undefined for the type GetAndPost

at tests.GetAndPost.testGetWeno(GetAndPost.java:32)
at java.base/jdk.internal.reflect.NativeMethodAccessorImpl.invoke0(Native Method)
at java.base/jdk.internal.reflect.NativeMethodAccessorImpl.invoke(NativeMethodAccessorImpl.java:78)
at java.base/jdk.internal.reflect.DelegatingMethodAccessorImpl.invoke(DelegatingMethodAccessorImpl.java:43)
at java.base/java.lang.reflect.Method.invoke(Method.java:567)
at org.testng.internal.MethodInvocationHelper.invokeMethod(MethodInvocationHelper.java:134)
at org.testng.internal.TestInvoker.invokeMethod(TestInvoker.java:597)
at org.testng.internal.TestInvoker.invokeTestMethod(TestInvoker.java:173)
at org.testng.internal.MethodRunner.runInSequence(MethodRunner.java:46)
at org.testng.internal.TestInvoker$MethodInvocationAgent.invoke(TestInvoker.java:816)
at org.testng.internal.TestInvoker.invokeTestMethods(TestInvoker.java:146)
at org.testng.internal.TestMethodWorker.invokeTestMethods(TestMethodWorker.java:146)
at org.testng.internal.TestMethodWorker.run(TestMethodWorker.java:128)
at java.base/java.util.ArrayList.forEach(ArrayList.java:1511)
at org.testng.TestRunner.privateRun(TestRunner.java:766)
at org.testng.TestRunner.run(TestRunner.java:587)
at org.testng.SuiteRunner.runTest(SuiteRunner.java:384)
at org.testng.SuiteRunner.runSequentially(SuiteRunner.java:378)
at org.testng.SuiteRunner.privateRun(SuiteRunner.java:337)
at org.testng.SuiteRunner.run(SuiteRunner.java:286)
at org.testng.SuiteRunnerWorker.runSuite(SuiteRunnerWorker.java:53)
at org.testng.SuiteRunnerWorker.run(SuiteRunnerWorker.java:96)
at org.testng.TestNG.runSuitesSequentially(TestNG.java:1187)
at org.testng.TestNG.runSuitesLocally(TestNG.java:1109)
at org.testng.TestNG.runSuites(TestNG.java:1039)
at org.testng.TestNG.run(TestNG.java:1007)
at org.testng.remote.AbstractRemoteTestNG.run(AbstractRemoteTestNG.java:115)
at org.testng.remote.RemoteTestNG.initAndRun(RemoteTestNG.java:251)
at org.testng.remote.RemoteTestNG.main(RemoteTestNG.java:77)
]]>
    </error>
  </testcase> <!-- testGetWeno -->
  <system-out/>
  <testcase classname="tests.GetAndPost" name="testGet" time="3.956"/>
  <system-out/>
</testsuite> <!-- tests.GetAndPost -->
