<?xml version="1.0" encoding="UTF-8"?>
<!-- Generated by org.testng.reporters.JUnitReportReporter -->
<testsuite hostname="DESKTOP-GN6QO21" failures="0" tests="3" name="tests.TestOne" time="6.421" errors="0" timestamp="2022-05-31T18:21:48 CLT" skipped="0">
  <testcase classname="tests.TestOne" name="Feature_A" time="3.216"/>
  <system-out/>
  <testcase classname="tests.TestOne" name="Feature_C" time="1.621"/>
  <system-out/>
  <testcase classname="tests.TestOne" name="Feature_B" time="1.584"/>
  <system-out/>
</testsuite> <!-- tests.TestOne -->
